# JRE version: OpenJDK Runtime Environment Temurin-17.0.3+7 (17.0.3+7) (build 17.0.3+7)
# Java VM: OpenJDK 64-Bit Server VM Temurin-17.0.3+7 (17.0.3+7, mixed mode, emulated-client, sharing, tiered, compressed oops, compressed class ptrs, g1 gc, windows-amd64)
GC Precious Log:
 CPUs: 8 total, 8 available
 Memory: 32687M
 Large Page Support: Disabled
 NUMA Support: Disabled
 Compressed Oops: Enabled (Zero based)
 Heap Region Size: 4M
 Heap Min Capacity: 8M
 Heap Initial Capacity: 512M
 Heap Max Capacity: 8172M
 Pre-touch: Disabled
 Parallel Workers: 8
 Concurrent Workers: 2
 Concurrent Refinement Workers: 8
 Periodic GC: Disabled
Heap:
 garbage-first heap   total 69632K, used 50335K [0x0000000601400000, 0x0000000800000000)
  region size 4096K, 8 young (32768K), 1 survivors (4096K)
 Metaspace       used 43399K, committed 43840K, reserved 1089536K
  class space    used 5902K, committed 6080K, reserved 1048576K
GC Heap History (16 events):
Event: 1.088 GC heap before
{Heap before GC invocations=0 (full 0):
 garbage-first heap   total 524288K, used 24576K [0x0000000601400000, 0x0000000800000000)
  region size 4096K, 6 young (24576K), 0 survivors (0K)
 Metaspace       used 5817K, committed 6016K, reserved 1056768K
  class space    used 694K, committed 768K, reserved 1048576K
}
Event: 1.096 GC heap after
{Heap after GC invocations=1 (full 0):
 garbage-first heap   total 524288K, used 7613K [0x0000000601400000, 0x0000000800000000)
  region size 4096K, 1 young (4096K), 1 survivors (4096K)
 Metaspace       used 5817K, committed 6016K, reserved 1056768K
  class space    used 694K, committed 768K, reserved 1048576K
}
Event: 1.472 GC heap before
{Heap before GC invocations=1 (full 0):
 garbage-first heap   total 524288K, used 28093K [0x0000000601400000, 0x0000000800000000)
  region size 4096K, 6 young (24576K), 1 survivors (4096K)
 Metaspace       used 10020K, committed 10368K, reserved 1064960K
  class space    used 1306K, committed 1472K, reserved 1048576K
}
Event: 1.475 GC heap after
{Heap after GC invocations=2 (full 0):
 garbage-first heap   total 524288K, used 9676K [0x0000000601400000, 0x0000000800000000)
  region size 4096K, 1 young (4096K), 1 survivors (4096K)
 Metaspace       used 10020K, committed 10368K, reserved 1064960K
  class space    used 1306K, committed 1472K, reserved 1048576K
}
Event: 2.441 GC heap before
{Heap before GC invocations=2 (full 0):
 garbage-first heap   total 524288K, used 87500K [0x0000000601400000, 0x0000000800000000)
  region size 4096K, 20 young (81920K), 1 survivors (4096K)
 Metaspace       used 20547K, committed 20864K, reserved 1073152K
  class space    used 2787K, committed 2944K, reserved 1048576K
}
Event: 2.445 GC heap after
{Heap after GC invocations=3 (full 0):
 garbage-first heap   total 524288K, used 15414K [0x0000000601400000, 0x0000000800000000)
  region size 4096K, 2 young (8192K), 2 survivors (8192K)
 Metaspace       used 20547K, committed 20864K, reserved 1073152K
  class space    used 2787K, committed 2944K, reserved 1048576K
}
Event: 2.594 GC heap before
{Heap before GC invocations=3 (full 0):
 garbage-first heap   total 524288K, used 23606K [0x0000000601400000, 0x0000000800000000)
  region size 4096K, 5 young (20480K), 2 survivors (8192K)
 Metaspace       used 21211K, committed 21504K, reserved 1073152K
  class space    used 2887K, committed 3072K, reserved 1048576K
}
Event: 2.597 GC heap after
{Heap after GC invocations=4 (full 0):
 garbage-first heap   total 524288K, used 15831K [0x0000000601400000, 0x0000000800000000)
  region size 4096K, 2 young (8192K), 2 survivors (8192K)
 Metaspace       used 21211K, committed 21504K, reserved 1073152K
  class space    used 2887K, committed 3072K, reserved 1048576K
}
Event: 3.361 GC heap before
{Heap before GC invocations=5 (full 0):
 garbage-first heap   total 69632K, used 48599K [0x0000000601400000, 0x0000000800000000)
  region size 4096K, 11 young (45056K), 2 survivors (8192K)
 Metaspace       used 25094K, committed 25472K, reserved 1073152K
  class space    used 3451K, committed 3648K, reserved 1048576K
}
Event: 3.367 GC heap after
{Heap after GC invocations=6 (full 0):
 garbage-first heap   total 69632K, used 17972K [0x0000000601400000, 0x0000000800000000)
  region size 4096K, 3 young (12288K), 3 survivors (12288K)
 Metaspace       used 25094K, committed 25472K, reserved 1073152K
  class space    used 3451K, committed 3648K, reserved 1048576K
}
Event: 3.904 GC heap before
{Heap before GC invocations=6 (full 0):
 garbage-first heap   total 69632K, used 46644K [0x0000000601400000, 0x0000000800000000)
  region size 4096K, 10 young (40960K), 3 survivors (12288K)
 Metaspace       used 29963K, committed 30400K, reserved 1081344K
  class space    used 4135K, committed 4352K, reserved 1048576K
}
Event: 3.913 GC heap after
{Heap after GC invocations=7 (full 0):
 garbage-first heap   total 69632K, used 20361K [0x0000000601400000, 0x0000000800000000)
  region size 4096K, 2 young (8192K), 2 survivors (8192K)
 Metaspace       used 29963K, committed 30400K, reserved 1081344K
  class space    used 4135K, committed 4352K, reserved 1048576K
}
Event: 4.369 GC heap before
{Heap before GC invocations=7 (full 0):
 garbage-first heap   total 69632K, used 44937K [0x0000000601400000, 0x0000000800000000)
  region size 4096K, 8 young (32768K), 2 survivors (8192K)
 Metaspace       used 33051K, committed 33472K, reserved 1081344K
  class space    used 4540K, committed 4736K, reserved 1048576K
}
Event: 4.378 GC heap after
{Heap after GC invocations=8 (full 0):
 garbage-first heap   total 69632K, used 21520K [0x0000000601400000, 0x0000000800000000)
  region size 4096K, 1 young (4096K), 1 survivors (4096K)
 Metaspace       used 33051K, committed 33472K, reserved 1081344K
  class space    used 4540K, committed 4736K, reserved 1048576K
}
Event: 4.679 GC heap before
{Heap before GC invocations=8 (full 0):
 garbage-first heap   total 69632K, used 33808K [0x0000000601400000, 0x0000000800000000)
  region size 4096K, 5 young (20480K), 1 survivors (4096K)
 Metaspace       used 35722K, committed 36096K, reserved 1081344K
  class space    used 4954K, committed 5120K, reserved 1048576K
}
Event: 4.686 GC heap after
{Heap after GC invocations=9 (full 0):
 garbage-first heap   total 69632K, used 21663K [0x0000000601400000, 0x0000000800000000)
  region size 4096K, 1 young (4096K), 1 survivors (4096K)
 Metaspace       used 35722K, committed 36096K, reserved 1081344K
  class space    used 4954K, committed 5120K, reserved 1048576K
}

